C:\USERS\JCZEN\DROPBOX\PROGRAMY\TDDANDFUNCTIONWHICHSEPARATEVALUES\TDDANDFUNCTIONWHICHSEPARATEVALUES\DEBUG\MAIN.OBJ
C:\USERS\JCZEN\DROPBOX\PROGRAMY\TDDANDFUNCTIONWHICHSEPARATEVALUES\TDDANDFUNCTIONWHICHSEPARATEVALUES\DEBUG\TESTS.OBJ
C:\USERS\JCZEN\DROPBOX\PROGRAMY\TDDANDFUNCTIONWHICHSEPARATEVALUES\TDDANDFUNCTIONWHICHSEPARATEVALUES\DEBUG\VC110.PDB
C:\Users\jczen\Dropbox\Programy\TddAndFunctionWhichSeparateValues\TddAndFunctionWhichSeparateValues\Debug\Main.obj
C:\Users\jczen\Dropbox\Programy\TddAndFunctionWhichSeparateValues\TddAndFunctionWhichSeparateValues\Debug\Tests.obj
C:\Users\jczen\Dropbox\Programy\TddAndFunctionWhichSeparateValues\TddAndFunctionWhichSeparateValues\Debug\cl.command.1.tlog
C:\Users\jczen\Dropbox\Programy\TddAndFunctionWhichSeparateValues\TddAndFunctionWhichSeparateValues\Debug\CL.read.1.tlog
C:\Users\jczen\Dropbox\Programy\TddAndFunctionWhichSeparateValues\TddAndFunctionWhichSeparateValues\Debug\CL.write.1.tlog
C:\Users\jczen\Dropbox\Programy\TddAndFunctionWhichSeparateValues\TddAndFunctionWhichSeparateValues\Debug\link-cvtres.read.1.tlog
C:\Users\jczen\Dropbox\Programy\TddAndFunctionWhichSeparateValues\TddAndFunctionWhichSeparateValues\Debug\link-cvtres.write.1.tlog
C:\Users\jczen\Dropbox\Programy\TddAndFunctionWhichSeparateValues\TddAndFunctionWhichSeparateValues\Debug\link-rc.read.1.tlog
C:\Users\jczen\Dropbox\Programy\TddAndFunctionWhichSeparateValues\TddAndFunctionWhichSeparateValues\Debug\link-rc.write.1.tlog
C:\Users\jczen\Dropbox\Programy\TddAndFunctionWhichSeparateValues\TddAndFunctionWhichSeparateValues\Debug\link.command.1.tlog
C:\Users\jczen\Dropbox\Programy\TddAndFunctionWhichSeparateValues\TddAndFunctionWhichSeparateValues\Debug\link.read.1.tlog
C:\Users\jczen\Dropbox\Programy\TddAndFunctionWhichSeparateValues\TddAndFunctionWhichSeparateValues\Debug\link.write.1.tlog
C:\Users\jczen\Dropbox\Programy\TddAndFunctionWhichSeparateValues\TddAndFunctionWhichSeparateValues\Debug\vc110.idb
C:\Users\jczen\Dropbox\Programy\TddAndFunctionWhichSeparateValues\TddAndFunctionWhichSeparateValues\Debug\vc110.pdb
C:\Users\jczen\Dropbox\Programy\TddAndFunctionWhichSeparateValues\Debug\TddAndFunctionWhichSeparateValues.pdb
C:\Users\jczen\Dropbox\Programy\TddAndFunctionWhichSeparateValues\Debug\TddAndFunctionWhichSeparateValues.exe
C:\Users\jczen\Dropbox\Programy\TddAndFunctionWhichSeparateValues\Debug\TddAndFunctionWhichSeparateValues.ilk
